<?xml version="1.0" encoding="UTF-8"?>
<!-- Generated by org.testng.reporters.JUnitXMLReporter -->
<testsuite ignored="0" hostname="DESKTOP-PC05J0V" failures="1" tests="1" name="LoginTestSuite" time="4.703" errors="0" timestamp="2025-01-31T10:33:28 ICT">
  <testcase classname="com.automation.tests.LoginTest" name="testValidLogin" time="1.459">
    <failure type="java.lang.AssertionError" message="Title does not match after login. expected [Swag Labsa] but found [Swag Labs]">
      <![CDATA[java.lang.AssertionError: Title does not match after login. expected [Swag Labsa] but found [Swag Labs]
at com.automation.tests.LoginTest.testValidLogin(LoginTest.java:28)
at java.base/java.util.ArrayList.forEach(ArrayList.java:1596)
... Removed 30 stack frames]]>
    </failure>
  </testcase> <!-- testValidLogin -->
</testsuite> <!-- LoginTestSuite -->
