<?xml version="1.0" encoding="UTF-8"?>
<testng-results ignored="0" total="1" passed="1" failed="0" skipped="0">
  <reporter-output>
  </reporter-output>
  <suite started-at="2025-01-31T22:02:35 ICT" name="AllTests" finished-at="2025-01-31T22:02:42 ICT" duration-ms="7226">
    <groups>
    </groups>
    <test started-at="2025-01-31T22:02:35 ICT" name="LoginTestSuite" finished-at="2025-01-31T22:02:42 ICT" duration-ms="7226">
      <class name="com.automation.tests.LoginTest">
        <test-method is-config="true" signature="clearScreenshotsFolder()[pri:0, instance:com.automation.tests.LoginTest@624ea235]" started-at="2025-01-31T22:02:35 ICT" name="clearScreenshotsFolder" finished-at="2025-01-31T22:02:35 ICT" duration-ms="489" status="PASS">
          <reporter-output>
          </reporter-output>
        </test-method> <!-- clearScreenshotsFolder -->
        <test-method is-config="true" signature="setUp()[pri:0, instance:com.automation.tests.LoginTest@624ea235]" started-at="2025-01-31T22:02:35 ICT" name="setUp" finished-at="2025-01-31T22:02:40 ICT" duration-ms="4733" status="PASS">
          <reporter-output>
          </reporter-output>
        </test-method> <!-- setUp -->
        <test-method signature="testValidLogin()[pri:0, instance:com.automation.tests.LoginTest@624ea235]" started-at="2025-01-31T22:02:40 ICT" name="testValidLogin" finished-at="2025-01-31T22:02:42 ICT" duration-ms="2088" status="PASS">
          <reporter-output>
          </reporter-output>
        </test-method> <!-- testValidLogin -->
        <test-method is-config="true" signature="tearDown(org.testng.ITestResult)[pri:0, instance:com.automation.tests.LoginTest@624ea235]" started-at="2025-01-31T22:02:42 ICT" name="tearDown" finished-at="2025-01-31T22:02:42 ICT" duration-ms="322" status="PASS">
          <params>
            <param index="0">
              <value>
                <![CDATA[[TestResult name=testValidLogin status=SUCCESS method=LoginTest.testValidLogin()[pri:0, instance:com.automation.tests.LoginTest@624ea235] output={null}]]]>
              </value>
            </param>
          </params>
          <reporter-output>
          </reporter-output>
        </test-method> <!-- tearDown -->
        <test-method is-config="true" signature="afterSuite()[pri:0, instance:com.automation.tests.LoginTest@624ea235]" started-at="2025-01-31T22:02:43 ICT" name="afterSuite" finished-at="2025-01-31T22:02:43 ICT" duration-ms="1" status="PASS">
          <reporter-output>
          </reporter-output>
        </test-method> <!-- afterSuite -->
      </class> <!-- com.automation.tests.LoginTest -->
    </test> <!-- LoginTestSuite -->
  </suite> <!-- AllTests -->
</testng-results>
